2023-12-06 18:08:02.655 [pool-3-thread-1] INFO  com.rs.mv.mvvs.client.catalog.from.scan.CurrentPathScanner - [client:400205]scan file in current open file directory(C:/Users/Kris/Desktop/Frontends/my-portfolio/src/app)
2023-12-06 18:08:36.570 [pool-3-thread-1] INFO  com.rs.mv.mvvs.client.catalog.from.scan.CurrentPathScanner - [client:400205]scan file in current open file directory(C:/Users/Kris/Desktop/Frontends/my-portfolio/src/app/feature)
2023-12-06 18:13:41.496 [pool-3-thread-1] INFO  com.rs.mv.mvvs.client.catalog.from.scan.CurrentPathScanner - [client:400205]scan file in current open file directory(C:/Users/Kris/Desktop/Frontends/my-portfolio/src/app/feature/home)
2023-12-06 18:13:42.672 [pool-3-thread-1] INFO  com.rs.mv.mvvs.client.catalog.from.scan.CurrentPathScanner - [client:400205]scan file in current open file directory(C:/Users/Kris/Desktop/Frontends/my-portfolio/src/app/feature/home)
2023-12-06 18:13:47.668 [pool-3-thread-1] INFO  com.rs.mv.mvvs.client.catalog.from.scan.CurrentPathScanner - [client:400205]scan file in current open file directory(C:/Users/Kris/Desktop/Frontends/my-portfolio/src/app/feature/home)
2023-12-06 18:13:52.594 [pool-3-thread-1] INFO  com.rs.mv.mvvs.client.catalog.from.scan.CurrentPathScanner - [client:400205]scan file in current open file directory(C:/Users/Kris/Desktop/Frontends/my-portfolio/src/app/feature/home)
2023-12-06 18:21:14.002 [pool-3-thread-1] INFO  com.rs.mv.mvvs.client.catalog.from.scan.CurrentPathScanner - [client:400205]scan file in current open file directory(C:/Users/Kris/Desktop/Frontends/my-portfolio/src/app/shared/components/header)
2023-12-06 18:23:35.689 [pool-3-thread-1] INFO  com.rs.mv.mvvs.client.catalog.from.scan.CurrentPathScanner - [client:400205]scan file in current open file directory(C:/Users/Kris/Desktop/Frontends/my-portfolio/src/app/shared)
2023-12-06 18:24:03.971 [pool-3-thread-1] INFO  com.rs.mv.mvvs.client.catalog.from.scan.CurrentPathScanner - [client:400205]scan file in current open file directory(C:/Users/Kris/Desktop/Frontends/my-portfolio/src/app/shared/components/header)
2023-12-06 18:26:02.008 [pool-3-thread-1] INFO  com.rs.mv.mvvs.client.catalog.from.scan.CurrentPathScanner - [client:400205]scan file in current open file directory(C:/Users/Kris/Desktop/Frontends/my-portfolio/src/app/feature/home)
2023-12-06 18:26:14.273 [pool-3-thread-1] INFO  com.rs.mv.mvvs.client.catalog.from.scan.CurrentPathScanner - [client:400205]scan file in current open file directory(C:/Users/Kris/Desktop/Frontends/my-portfolio/src/app/feature/home)
2023-12-06 18:26:37.798 [pool-3-thread-1] INFO  com.rs.mv.mvvs.client.catalog.from.scan.CurrentPathScanner - [client:400205]scan file in current open file directory(C:/Users/Kris/Desktop/Frontends/my-portfolio/src/app/feature/home)
2023-12-06 18:26:39.413 [pool-3-thread-1] INFO  com.rs.mv.mvvs.client.catalog.from.scan.CurrentPathScanner - [client:400205]scan file in current open file directory(C:/Users/Kris/Desktop/Frontends/my-portfolio/src/app/feature/home)
2023-12-06 18:26:50.990 [pool-3-thread-1] INFO  com.rs.mv.mvvs.client.catalog.from.scan.CurrentPathScanner - [client:400205]scan file in current open file directory(C:/Users/Kris/Desktop/Frontends/my-portfolio/src/app/feature/home)
2023-12-06 18:26:57.222 [pool-3-thread-1] INFO  com.rs.mv.mvvs.client.catalog.from.scan.CurrentPathScanner - [client:400205]scan file in current open file directory(C:/Users/Kris/Desktop/Frontends/my-portfolio/src/app/feature/home)
2023-12-06 18:27:05.545 [pool-3-thread-1] INFO  com.rs.mv.mvvs.client.catalog.from.scan.CurrentPathScanner - [client:400205]scan file in current open file directory(C:/Users/Kris/Desktop/Frontends/my-portfolio/src/app/feature/home)
2023-12-06 18:27:16.262 [pool-3-thread-1] INFO  com.rs.mv.mvvs.client.catalog.from.scan.CurrentPathScanner - [client:400205]scan file in current open file directory(C:/Users/Kris/Desktop/Frontends/my-portfolio/src/app/feature/home)
2023-12-06 18:27:31.384 [pool-3-thread-1] INFO  com.rs.mv.mvvs.client.catalog.from.scan.CurrentPathScanner - [client:400205]scan file in current open file directory(C:/Users/Kris/Desktop/Frontends/my-portfolio/src/app/feature)
2023-12-06 18:29:19.178 [pool-3-thread-1] INFO  com.rs.mv.mvvs.client.catalog.from.scan.CurrentPathScanner - [client:400205]scan file in current open file directory(C:/Users/Kris/Desktop/Frontends/my-portfolio/src/app/feature)
2023-12-06 18:29:21.898 [pool-3-thread-1] INFO  com.rs.mv.mvvs.client.catalog.from.scan.CurrentPathScanner - [client:400205]scan file in current open file directory(C:/Users/Kris/Desktop/Frontends/my-portfolio/src/app/feature)
2023-12-06 18:29:43.482 [pool-3-thread-1] INFO  com.rs.mv.mvvs.client.catalog.from.scan.CurrentPathScanner - [client:400205]scan file in current open file directory(C:/Users/Kris/Desktop/Frontends/my-portfolio/src/app/feature)
2023-12-06 18:35:18.755 [pool-3-thread-1] INFO  com.rs.mv.mvvs.client.catalog.from.scan.CurrentPathScanner - [client:400205]scan file in current open file directory(C:/Users/Kris/Desktop/Frontends/my-portfolio/src/app/feature)
2023-12-06 18:42:11.113 [pool-3-thread-1] INFO  com.rs.mv.mvvs.client.catalog.from.scan.CurrentPathScanner - [client:400205]scan file in current open file directory(C:/Users/Kris/Desktop/Frontends/my-portfolio/src/app/shared/components/header)
2023-12-06 18:45:28.310 [pool-3-thread-1] INFO  com.rs.mv.mvvs.client.catalog.from.scan.CurrentPathScanner - [client:400205]scan file in current open file directory(C:/Users/Kris/Desktop/Frontends/my-portfolio/src/app/feature/home)
2023-12-06 18:46:57.076 [pool-3-thread-1] INFO  com.rs.mv.mvvs.client.catalog.from.scan.CurrentPathScanner - [client:400205]scan file in current open file directory(C:/Users/Kris/Desktop/Frontends/my-portfolio/src/app/feature/home)
2023-12-06 18:46:58.509 [pool-3-thread-1] INFO  com.rs.mv.mvvs.client.catalog.from.scan.CurrentPathScanner - [client:400205]scan file in current open file directory(C:/Users/Kris/Desktop/Frontends/my-portfolio/src/app/feature/home)
2023-12-06 18:47:03.373 [pool-3-thread-1] INFO  com.rs.mv.mvvs.client.catalog.from.scan.CurrentPathScanner - [client:400205]scan file in current open file directory(C:/Users/Kris/Desktop/Frontends/my-portfolio/src/app/feature/home)
2023-12-06 18:47:08.247 [pool-3-thread-1] INFO  com.rs.mv.mvvs.client.catalog.from.scan.CurrentPathScanner - [client:400205]scan file in current open file directory(C:/Users/Kris/Desktop/Frontends/my-portfolio/src/app/feature/home)
2023-12-06 18:47:19.342 [pool-3-thread-1] INFO  com.rs.mv.mvvs.client.catalog.from.scan.CurrentPathScanner - [client:400205]scan file in current open file directory(C:/Users/Kris/Desktop/Frontends/my-portfolio/src/app/feature/home)
2023-12-06 18:49:40.650 [pool-3-thread-1] INFO  com.rs.mv.mvvs.client.catalog.from.scan.CurrentPathScanner - [client:400205]scan file in current open file directory(C:/Users/Kris/Desktop/Frontends/my-portfolio)
2023-12-06 18:49:41.981 [pool-3-thread-1] INFO  com.rs.mv.mvvs.client.catalog.from.scan.CurrentPathScanner - [client:400205]scan file in current open file directory(C:/Users/Kris/Desktop/Frontends/my-portfolio)
2023-12-06 18:50:00.970 [pool-3-thread-1] INFO  com.rs.mv.mvvs.client.catalog.from.scan.CurrentPathScanner - [client:400205]scan file in current open file directory(C:/Users/Kris/Desktop/Frontends/my-portfolio/src/app/feature/home)
2023-12-06 18:50:12.172 [pool-3-thread-1] INFO  com.rs.mv.mvvs.client.catalog.from.scan.CurrentPathScanner - [client:400205]scan file in current open file directory(C:/Users/Kris/Desktop/Frontends/my-portfolio/src/app/feature/home)
2023-12-06 18:50:30.323 [pool-3-thread-1] INFO  com.rs.mv.mvvs.client.catalog.from.scan.CurrentPathScanner - [client:400205]scan file in current open file directory(C:/Users/Kris/Desktop/Frontends/my-portfolio/src/app/feature/home)
2023-12-06 18:50:48.148 [pool-3-thread-1] INFO  com.rs.mv.mvvs.client.catalog.from.scan.CurrentPathScanner - [client:400205]scan file in current open file directory(C:/Users/Kris/Desktop/Frontends/my-portfolio/src/app/feature/home)
2023-12-06 18:50:53.262 [pool-3-thread-1] INFO  com.rs.mv.mvvs.client.catalog.from.scan.CurrentPathScanner - [client:400205]scan file in current open file directory(C:/Users/Kris/Desktop/Frontends/my-portfolio/src/app/feature/home)
2023-12-06 18:51:10.380 [pool-3-thread-1] INFO  com.rs.mv.mvvs.client.catalog.from.scan.CurrentPathScanner - [client:400205]scan file in current open file directory(C:/Users/Kris/Desktop/Frontends/my-portfolio/src/app/feature/home)
2023-12-06 18:51:11.319 [pool-3-thread-1] INFO  com.rs.mv.mvvs.client.catalog.from.scan.CurrentPathScanner - [client:400205]scan file in current open file directory(C:/Users/Kris/Desktop/Frontends/my-portfolio/src/app/feature/home)
2023-12-06 18:53:43.360 [pool-3-thread-1] INFO  com.rs.mv.mvvs.client.catalog.from.scan.CurrentPathScanner - [client:400205]scan file in current open file directory(C:/Users/Kris/Desktop/Frontends/my-portfolio/src/app/feature)
2023-12-06 18:55:19.014 [pool-3-thread-1] INFO  com.rs.mv.mvvs.client.catalog.from.scan.CurrentPathScanner - [client:400205]scan file in current open file directory(C:/Users/Kris/Desktop/Frontends/my-portfolio/src/app/feature)
2023-12-06 18:55:21.836 [pool-3-thread-1] INFO  com.rs.mv.mvvs.client.catalog.from.scan.CurrentPathScanner - [client:400205]scan file in current open file directory(C:/Users/Kris/Desktop/Frontends/my-portfolio/src/app/feature/home)
2023-12-06 19:00:27.244 [pool-3-thread-1] INFO  com.rs.mv.mvvs.client.catalog.from.scan.CurrentPathScanner - [client:400205]scan file in current open file directory(C:/Users/Kris/Desktop/Frontends/my-portfolio/src/app)
2023-12-06 19:01:46.704 [pool-3-thread-1] INFO  com.rs.mv.mvvs.client.catalog.from.scan.CurrentPathScanner - [client:400205]scan file in current open file directory(C:/Users/Kris/Desktop/Frontends/my-portfolio/src/app/feature)
2023-12-06 19:01:55.827 [pool-3-thread-1] INFO  com.rs.mv.mvvs.client.catalog.from.scan.CurrentPathScanner - [client:400205]scan file in current open file directory(C:/Users/Kris/Desktop/Frontends/my-portfolio/src/app)
2023-12-06 19:02:22.273 [pool-3-thread-1] INFO  com.rs.mv.mvvs.client.catalog.from.scan.CurrentPathScanner - [client:400205]scan file in current open file directory(C:/Users/Kris/Desktop/Frontends/my-portfolio/src/app/feature)
2023-12-06 20:07:10.606 [pool-3-thread-1] INFO  com.rs.mv.mvvs.client.catalog.from.scan.CurrentPathScanner - [client:400205]scan file in current open file directory(C:/Users/Kris/Desktop/Frontends/my-portfolio/src/app)
2023-12-06 20:07:13.350 [pool-3-thread-1] INFO  com.rs.mv.mvvs.client.catalog.from.scan.CurrentPathScanner - [client:400205]scan file in current open file directory(C:/Users/Kris/Desktop/Frontends/my-portfolio/src/app/feature)
2023-12-06 20:09:56.790 [pool-3-thread-1] INFO  com.rs.mv.mvvs.client.catalog.from.scan.CurrentPathScanner - [client:400205]scan file in current open file directory(C:/Users/Kris/Desktop/Frontends/my-portfolio/src/app/feature/contact)
2023-12-06 20:10:35.435 [pool-3-thread-1] INFO  com.rs.mv.mvvs.client.catalog.from.scan.CurrentPathScanner - [client:400205]scan file in current open file directory(C:/Users/Kris/Desktop/Frontends/my-portfolio/src/app/shared/components/header)
2023-12-06 20:11:27.981 [pool-3-thread-1] INFO  com.rs.mv.mvvs.client.catalog.from.scan.CurrentPathScanner - [client:400205]scan file in current open file directory(C:/Users/Kris/Desktop/Frontends/my-portfolio/src/app)
2023-12-06 20:13:57.533 [pool-3-thread-1] INFO  com.rs.mv.mvvs.client.catalog.from.scan.CurrentPathScanner - [client:400205]scan file in current open file directory(C:/Users/Kris/Desktop/Frontends/my-portfolio/src/app/feature/home)
2023-12-06 20:15:41.658 [pool-3-thread-1] INFO  com.rs.mv.mvvs.client.catalog.from.scan.CurrentPathScanner - [client:400205]scan file in current open file directory(C:/Users/Kris/Desktop/Frontends/my-portfolio/src/app/feature/home)
2023-12-06 20:23:33.898 [pool-3-thread-1] INFO  com.rs.mv.mvvs.client.catalog.from.scan.CurrentPathScanner - [client:400205]scan file in current open file directory(C:/Users/Kris/Desktop/Frontends/my-portfolio/src/app/feature/home)
2023-12-06 20:23:37.361 [pool-3-thread-1] INFO  com.rs.mv.mvvs.client.catalog.from.scan.CurrentPathScanner - [client:400205]scan file in current open file directory(C:/Users/Kris/Desktop/Frontends/my-portfolio/src/app/feature/home)
2023-12-06 20:23:44.164 [pool-3-thread-1] INFO  com.rs.mv.mvvs.client.catalog.from.scan.CurrentPathScanner - [client:400205]scan file in current open file directory(C:/Users/Kris/Desktop/Frontends/my-portfolio/src/app/feature/home)
2023-12-06 20:24:35.638 [pool-3-thread-1] INFO  com.rs.mv.mvvs.client.catalog.from.scan.CurrentPathScanner - [client:400205]scan file in current open file directory(C:/Users/Kris/Desktop/Frontends/my-portfolio/src/app/feature/home)
2023-12-06 20:24:36.541 [pool-3-thread-1] INFO  com.rs.mv.mvvs.client.catalog.from.scan.CurrentPathScanner - [client:400205]scan file in current open file directory(C:/Users/Kris/Desktop/Frontends/my-portfolio/src/app/feature/home)
2023-12-06 20:30:11.407 [pool-3-thread-1] INFO  com.rs.mv.mvvs.client.catalog.from.scan.CurrentPathScanner - [client:400205]scan file in current open file directory(C:/Users/Kris/Desktop/Frontends/my-portfolio/src/app/feature)
2023-12-06 20:31:29.406 [pool-3-thread-1] INFO  com.rs.mv.mvvs.client.catalog.from.scan.CurrentPathScanner - [client:400205]scan file in current open file directory(C:/Users/Kris/Desktop/Frontends/my-portfolio/src/app/feature/home)
2023-12-06 20:33:22.026 [pool-3-thread-1] INFO  com.rs.mv.mvvs.client.catalog.from.scan.CurrentPathScanner - [client:400205]scan file in current open file directory(C:/Users/Kris/Desktop/Frontends/my-portfolio/src/app/feature/home/directives)
2023-12-06 20:33:50.614 [pool-3-thread-1] INFO  com.rs.mv.mvvs.client.catalog.from.scan.CurrentPathScanner - [client:400205]scan file in current open file directory(C:/Users/Kris/Desktop/Frontends/my-portfolio/src/app/feature/home)
2023-12-06 20:39:01.382 [pool-3-thread-1] INFO  com.rs.mv.mvvs.client.catalog.from.scan.CurrentPathScanner - [client:400205]scan file in current open file directory(C:/Users/Kris/Desktop/Frontends/my-portfolio/src/app/feature/home/directives)
2023-12-06 20:40:58.007 [pool-3-thread-1] INFO  com.rs.mv.mvvs.client.catalog.from.scan.CurrentPathScanner - [client:400205]scan file in current open file directory(C:/Users/Kris/Desktop/Frontends/my-portfolio/src/app/feature/home)
2023-12-06 20:42:01.893 [pool-3-thread-1] INFO  com.rs.mv.mvvs.client.catalog.from.scan.CurrentPathScanner - [client:400205]scan file in current open file directory(C:/Users/Kris/Desktop/Frontends/my-portfolio/src/app/feature/home/directives)
2023-12-06 20:57:39.477 [pool-3-thread-1] INFO  com.rs.mv.mvvs.client.catalog.from.scan.CurrentPathScanner - [client:400205]scan file in current open file directory(C:/Users/Kris/Desktop/Frontends/my-portfolio/src/app/feature/home)
2023-12-06 20:57:49.339 [pool-3-thread-1] INFO  com.rs.mv.mvvs.client.catalog.from.scan.CurrentPathScanner - [client:400205]scan file in current open file directory(C:/Users/Kris/Desktop/Frontends/my-portfolio/src/app/feature/home)
2023-12-06 21:11:23.963 [pool-3-thread-1] INFO  com.rs.mv.mvvs.client.catalog.from.scan.CurrentPathScanner - [client:400205]scan file in current open file directory(C:/Users/Kris/Desktop/Frontends/my-portfolio/src/app/feature/home/directives)
2023-12-06 21:20:24.418 [pool-3-thread-1] INFO  com.rs.mv.mvvs.client.catalog.from.scan.CurrentPathScanner - [client:400205]scan file in current open file directory(C:/Users/Kris/Desktop/Frontends/my-portfolio/src/app/feature/home)
2023-12-06 21:20:26.383 [pool-3-thread-1] INFO  com.rs.mv.mvvs.client.catalog.from.scan.CurrentPathScanner - [client:400205]scan file in current open file directory(C:/Users/Kris/Desktop/Frontends/my-portfolio/src/app/feature/home)
2023-12-06 21:20:27.014 [pool-3-thread-1] INFO  com.rs.mv.mvvs.client.catalog.from.scan.CurrentPathScanner - [client:400205]scan file in current open file directory(C:/Users/Kris/Desktop/Frontends/my-portfolio/src/app/feature/home)
2023-12-06 21:20:41.299 [pool-3-thread-1] INFO  com.rs.mv.mvvs.client.catalog.from.scan.CurrentPathScanner - [client:400205]scan file in current open file directory(C:/Users/Kris/Desktop/Frontends/my-portfolio/src/app/feature/home/directives)
2023-12-06 21:51:48.292 [pool-3-thread-1] INFO  com.rs.mv.mvvs.client.catalog.from.scan.CurrentPathScanner - [client:400205]scan file in current open file directory(C:/Users/Kris/Desktop/Frontends/my-portfolio/src/app/feature/home)
2023-12-06 21:52:28.461 [pool-3-thread-1] INFO  com.rs.mv.mvvs.client.catalog.from.scan.CurrentPathScanner - [client:400205]scan file in current open file directory(C:/Users/Kris/Desktop/Frontends/my-portfolio/src/app/feature/home/directives)
2023-12-06 21:55:55.286 [pool-3-thread-1] INFO  com.rs.mv.mvvs.client.catalog.from.scan.CurrentPathScanner - [client:400205]scan file in current open file directory(C:/Users/Kris/Desktop/Frontends/my-portfolio/src/app/feature/home)
2023-12-06 21:55:56.618 [pool-3-thread-1] INFO  com.rs.mv.mvvs.client.catalog.from.scan.CurrentPathScanner - [client:400205]scan file in current open file directory(C:/Users/Kris/Desktop/Frontends/my-portfolio/src/app/feature/home)
2023-12-06 21:56:24.154 [pool-3-thread-1] INFO  com.rs.mv.mvvs.client.catalog.from.scan.CurrentPathScanner - [client:400205]scan file in current open file directory(C:/Users/Kris/Desktop/Frontends/my-portfolio/src/app/feature/home)
2023-12-06 21:56:25.112 [pool-3-thread-1] INFO  com.rs.mv.mvvs.client.catalog.from.scan.CurrentPathScanner - [client:400205]scan file in current open file directory(C:/Users/Kris/Desktop/Frontends/my-portfolio/src/app/feature/home)
2023-12-06 21:56:36.258 [pool-3-thread-1] INFO  com.rs.mv.mvvs.client.catalog.from.scan.CurrentPathScanner - [client:400205]scan file in current open file directory(C:/Users/Kris/Desktop/Frontends/my-portfolio/src/app/feature/home)
2023-12-06 22:09:14.948 [pool-3-thread-1] INFO  com.rs.mv.mvvs.client.catalog.from.scan.CurrentPathScanner - [client:400205]scan file in current open file directory(C:/Users/Kris/Desktop/Frontends/my-portfolio/src/app/feature/home/directives)
2023-12-06 22:37:59.479 [pool-3-thread-1] INFO  com.rs.mv.mvvs.client.catalog.from.scan.CurrentPathScanner - [client:400205]scan file in current open file directory(C:/Users/Kris/Desktop/Frontends/my-portfolio/src/app/feature/home)
2023-12-06 22:41:22.438 [pool-3-thread-1] INFO  com.rs.mv.mvvs.client.catalog.from.scan.CurrentPathScanner - [client:400205]scan file in current open file directory(C:/Users/Kris/Desktop/Frontends/my-portfolio/src/app/feature/home/directives)
2023-12-06 22:41:32.967 [pool-3-thread-1] INFO  com.rs.mv.mvvs.client.catalog.from.scan.CurrentPathScanner - [client:400205]scan file in current open file directory(C:/Users/Kris/Desktop/Frontends/my-portfolio/src/app/feature/home)
2023-12-06 22:42:52.595 [pool-3-thread-1] INFO  com.rs.mv.mvvs.client.catalog.from.scan.CurrentPathScanner - [client:400205]scan file in current open file directory(C:/Users/Kris/Desktop/Frontends/my-portfolio/src/app/feature/home/directives)
2023-12-06 22:43:01.254 [pool-3-thread-1] INFO  com.rs.mv.mvvs.client.catalog.from.scan.CurrentPathScanner - [client:400205]scan file in current open file directory(C:/Users/Kris/Desktop/Frontends/my-portfolio/src/app/feature/home)
2023-12-06 22:45:43.601 [pool-3-thread-1] INFO  com.rs.mv.mvvs.client.catalog.from.scan.CurrentPathScanner - [client:400205]scan file in current open file directory(C:/Users/Kris/Desktop/Frontends/my-portfolio/src/app/feature/home/directives)
2023-12-06 22:45:57.468 [pool-3-thread-1] INFO  com.rs.mv.mvvs.client.catalog.from.scan.CurrentPathScanner - [client:400205]scan file in current open file directory(C:/Users/Kris/Desktop/Frontends/my-portfolio/src/app/feature/home)
2023-12-06 22:47:30.362 [pool-3-thread-1] INFO  com.rs.mv.mvvs.client.catalog.from.scan.CurrentPathScanner - [client:400205]scan file in current open file directory(C:/Users/Kris/Desktop/Frontends/my-portfolio/src/app/feature/home)
2023-12-06 22:47:31.329 [pool-3-thread-1] INFO  com.rs.mv.mvvs.client.catalog.from.scan.CurrentPathScanner - [client:400205]scan file in current open file directory(C:/Users/Kris/Desktop/Frontends/my-portfolio/src/app/feature/home)
2023-12-06 23:00:48.698 [pool-3-thread-1] INFO  com.rs.mv.mvvs.client.catalog.from.scan.CurrentPathScanner - [client:400205]scan file in current open file directory(C:/Users/Kris/Desktop/Frontends/my-portfolio/src/app/feature/home/directives)
